0 verbose cli C:\Program Files\nodejs\node.exe C:\Program Files\nodejs\node_modules\npm\bin\npm-cli.js
1 info using npm@10.7.0
2 info using node@v20.14.0
3 silly config:load:file:C:\Program Files\nodejs\node_modules\npm\npmrc
4 silly config:load:file:C:\Users\MOON\.npmrc
5 silly config:load:file:C:\Users\MOON\AppData\Roaming\npm\etc\npmrc
6 verbose title npm install ts-node typescript nodemon
7 verbose argv "install" "--global" "ts-node" "typescript" "nodemon"
8 verbose logfile logs-max:10 dir:E:\Programming\ITI\ITI FINAL PROJECT\courses-app-backend\iti-final-project\src\npm-cache\_logs\2025-03-16T02_32_36_251Z-
9 verbose logfile E:\Programming\ITI\ITI FINAL PROJECT\courses-app-backend\iti-final-project\src\npm-cache\_logs\2025-03-16T02_32_36_251Z-debug-0.log
10 silly logfile done cleaning log files
11 silly idealTree buildDeps
12 silly fetch manifest ts-node@*
13 http fetch GET 200 https://registry.npmjs.org/ts-node 680ms (cache miss)
14 silly fetch manifest typescript@*
15 http fetch GET 200 https://registry.npmjs.org/typescript 1061ms (cache miss)
16 silly fetch manifest nodemon@*
17 http fetch GET 200 https://registry.npmjs.org/nodemon 380ms (cache miss)
18 silly placeDep ROOT nodemon@3.1.9 OK for:  want: *
19 silly placeDep ROOT ts-node@10.9.2 OK for:  want: *
20 silly placeDep ROOT typescript@5.8.2 OK for:  want: *
21 silly fetch manifest chokidar@^3.5.2
22 silly fetch manifest debug@^4
23 silly fetch manifest ignore-by-default@^1.0.1
24 silly fetch manifest minimatch@^3.1.2
25 silly fetch manifest pstree.remy@^1.1.8
26 silly fetch manifest semver@^7.5.3
27 silly fetch manifest simple-update-notifier@^2.0.0
28 http fetch GET 200 https://registry.npmjs.org/chokidar 151ms (cache miss)
29 silly fetch manifest supports-color@^5.5.0
30 http fetch GET 200 https://registry.npmjs.org/supports-color 188ms (cache miss)
31 silly fetch manifest touch@^3.1.0
32 http fetch GET 200 https://registry.npmjs.org/semver 771ms (cache miss)
33 silly fetch manifest undefsafe@^2.0.5
34 http fetch GET 200 https://registry.npmjs.org/debug 788ms (cache miss)
35 silly fetch manifest typescript@>=2.7
36 silly fetch manifest @types/node@*
37 http fetch GET 200 https://registry.npmjs.org/ignore-by-default 850ms (cache miss)
38 silly fetch manifest yn@3.1.1
39 http fetch GET 200 https://registry.npmjs.org/pstree.remy 852ms (cache miss)
40 silly fetch manifest arg@^4.1.0
41 http fetch GET 200 https://registry.npmjs.org/simple-update-notifier 859ms (cache miss)
42 silly fetch manifest diff@^4.0.1
43 http fetch GET 200 https://registry.npmjs.org/touch 517ms (cache miss)
44 silly fetch manifest acorn@^8.4.1
45 http fetch GET 200 https://registry.npmjs.org/minimatch 930ms (cache miss)
46 silly fetch manifest acorn-walk@^8.1.1
47 http fetch GET 200 https://registry.npmjs.org/undefsafe 182ms (cache miss)
48 silly fetch manifest make-error@^1.1.1
49 http fetch GET 200 https://registry.npmjs.org/arg 169ms (cache miss)
50 silly fetch manifest create-require@^1.1.0
51 http fetch GET 200 https://registry.npmjs.org/yn 192ms (cache miss)
52 silly fetch manifest @tsconfig/node10@^1.0.7
53 http fetch GET 200 https://registry.npmjs.org/diff 190ms (cache miss)
54 silly fetch manifest @tsconfig/node12@^1.0.7
55 http fetch GET 200 https://registry.npmjs.org/acorn 291ms (cache miss)
56 silly fetch manifest @tsconfig/node14@^1.0.0
57 http fetch GET 200 https://registry.npmjs.org/make-error 226ms (cache miss)
58 silly fetch manifest @tsconfig/node16@^1.0.2
59 http fetch GET 200 https://registry.npmjs.org/acorn-walk 255ms (cache miss)
60 silly fetch manifest v8-compile-cache-lib@^3.0.1
61 http fetch GET 200 https://registry.npmjs.org/create-require 303ms (cache miss)
62 silly fetch manifest @cspotcode/source-map-support@^0.8.0
63 http fetch GET 200 https://registry.npmjs.org/@tsconfig%2fnode10 299ms (cache miss)
64 http fetch GET 200 https://registry.npmjs.org/@tsconfig%2fnode12 288ms (cache miss)
65 http fetch GET 200 https://registry.npmjs.org/v8-compile-cache-lib 173ms (cache miss)
66 http fetch GET 200 https://registry.npmjs.org/@tsconfig%2fnode16 230ms (cache miss)
67 http fetch GET 200 https://registry.npmjs.org/@tsconfig%2fnode14 252ms (cache miss)
68 http fetch GET 200 https://registry.npmjs.org/@cspotcode%2fsource-map-support 347ms (cache miss)
69 http fetch GET 200 https://registry.npmjs.org/@types%2fnode 1608ms (cache miss)
70 silly placeDep node_modules/nodemon chokidar@3.6.0 OK for: nodemon@3.1.9 want: ^3.5.2
71 silly placeDep node_modules/nodemon debug@4.4.0 OK for: nodemon@3.1.9 want: ^4
72 silly placeDep node_modules/nodemon ignore-by-default@1.0.1 OK for: nodemon@3.1.9 want: ^1.0.1
73 silly placeDep node_modules/nodemon minimatch@3.1.2 OK for: nodemon@3.1.9 want: ^3.1.2
74 silly placeDep node_modules/nodemon pstree.remy@1.1.8 OK for: nodemon@3.1.9 want: ^1.1.8
75 silly placeDep node_modules/nodemon semver@7.7.1 OK for: nodemon@3.1.9 want: ^7.5.3
76 silly placeDep node_modules/nodemon simple-update-notifier@2.0.0 OK for: nodemon@3.1.9 want: ^2.0.0
77 silly placeDep node_modules/nodemon supports-color@5.5.0 OK for: nodemon@3.1.9 want: ^5.5.0
78 silly placeDep node_modules/nodemon touch@3.1.1 OK for: nodemon@3.1.9 want: ^3.1.0
79 silly placeDep node_modules/nodemon undefsafe@2.0.5 OK for: nodemon@3.1.9 want: ^2.0.5
80 silly fetch manifest braces@~3.0.2
81 silly fetch manifest is-glob@~4.0.1
82 silly fetch manifest anymatch@~3.1.2
83 silly fetch manifest readdirp@~3.6.0
84 silly fetch manifest glob-parent@~5.1.2
85 silly fetch manifest is-binary-path@~2.1.0
86 silly fetch manifest normalize-path@~3.0.0
87 http fetch GET 200 https://registry.npmjs.org/braces 322ms (cache miss)
88 silly fetch manifest fsevents@~2.3.2
89 http fetch GET 200 https://registry.npmjs.org/is-glob 331ms (cache miss)
90 silly fetch manifest ms@^2.1.3
91 http fetch GET 200 https://registry.npmjs.org/anymatch 351ms (cache miss)
92 silly fetch manifest brace-expansion@^1.1.7
93 http fetch GET 200 https://registry.npmjs.org/glob-parent 383ms (cache miss)
94 silly fetch manifest has-flag@^3.0.0
95 http fetch GET 200 https://registry.npmjs.org/readdirp 391ms (cache miss)
96 http fetch GET 200 https://registry.npmjs.org/is-binary-path 394ms (cache miss)
97 http fetch GET 200 https://registry.npmjs.org/normalize-path 409ms (cache miss)
98 http fetch GET 200 https://registry.npmjs.org/ms 359ms (cache miss)
99 http fetch GET 200 https://registry.npmjs.org/fsevents 371ms (cache miss)
100 http fetch GET 200 https://registry.npmjs.org/brace-expansion 440ms (cache miss)
101 http fetch GET 200 https://registry.npmjs.org/has-flag 424ms (cache miss)
102 silly placeDep node_modules/ts-node @cspotcode/source-map-support@0.8.1 OK for: ts-node@10.9.2 want: ^0.8.0
103 silly placeDep node_modules/ts-node @tsconfig/node10@1.0.11 OK for: ts-node@10.9.2 want: ^1.0.7
104 silly placeDep node_modules/ts-node @tsconfig/node12@1.0.11 OK for: ts-node@10.9.2 want: ^1.0.7
105 silly placeDep node_modules/ts-node @tsconfig/node14@1.0.3 OK for: ts-node@10.9.2 want: ^1.0.0
106 silly placeDep node_modules/ts-node @tsconfig/node16@1.0.4 OK for: ts-node@10.9.2 want: ^1.0.2
107 silly placeDep node_modules/ts-node @types/node@22.13.10 OK for: ts-node@10.9.2 want: *
108 silly placeDep node_modules/ts-node acorn@8.14.1 OK for: ts-node@10.9.2 want: ^8.4.1
109 silly placeDep node_modules/ts-node acorn-walk@8.3.4 OK for: ts-node@10.9.2 want: ^8.1.1
110 silly placeDep node_modules/ts-node arg@4.1.3 OK for: ts-node@10.9.2 want: ^4.1.0
111 silly placeDep node_modules/ts-node create-require@1.1.1 OK for: ts-node@10.9.2 want: ^1.1.0
112 silly placeDep node_modules/ts-node diff@4.0.2 OK for: ts-node@10.9.2 want: ^4.0.1
113 silly placeDep node_modules/ts-node make-error@1.3.6 OK for: ts-node@10.9.2 want: ^1.1.1
114 silly placeDep node_modules/ts-node v8-compile-cache-lib@3.0.1 OK for: ts-node@10.9.2 want: ^3.0.1
115 silly placeDep node_modules/ts-node yn@3.1.1 OK for: ts-node@10.9.2 want: 3.1.1
116 silly fetch manifest @jridgewell/trace-mapping@0.3.9
117 silly fetch manifest undici-types@~6.20.0
118 http fetch GET 200 https://registry.npmjs.org/undici-types 167ms (cache miss)
119 http fetch GET 200 https://registry.npmjs.org/@jridgewell%2ftrace-mapping 357ms (cache miss)
120 silly placeDep node_modules/nodemon anymatch@3.1.3 OK for: chokidar@3.6.0 want: ~3.1.2
121 silly placeDep node_modules/nodemon braces@3.0.3 OK for: chokidar@3.6.0 want: ~3.0.2
122 silly placeDep node_modules/nodemon fsevents@2.3.3 OK for: chokidar@3.6.0 want: ~2.3.2
123 silly placeDep node_modules/nodemon glob-parent@5.1.2 OK for: chokidar@3.6.0 want: ~5.1.2
124 silly placeDep node_modules/nodemon is-binary-path@2.1.0 OK for: chokidar@3.6.0 want: ~2.1.0
125 silly placeDep node_modules/nodemon is-glob@4.0.3 OK for: chokidar@3.6.0 want: ~4.0.1
126 silly placeDep node_modules/nodemon normalize-path@3.0.0 OK for: chokidar@3.6.0 want: ~3.0.0
127 silly placeDep node_modules/nodemon readdirp@3.6.0 OK for: chokidar@3.6.0 want: ~3.6.0
128 silly fetch manifest picomatch@^2.0.4
129 silly fetch manifest normalize-path@^3.0.0
130 silly fetch manifest fill-range@^7.1.1
131 silly fetch manifest is-glob@^4.0.1
132 silly fetch manifest binary-extensions@^2.0.0
133 silly fetch manifest is-extglob@^2.1.1
134 silly fetch manifest picomatch@^2.2.1
135 http fetch GET 200 https://registry.npmjs.org/fill-range 367ms (cache miss)
136 http fetch GET 200 https://registry.npmjs.org/picomatch 386ms (cache miss)
137 http fetch GET 200 https://registry.npmjs.org/picomatch 386ms (cache miss)
138 http fetch GET 200 https://registry.npmjs.org/is-extglob 389ms (cache miss)
139 http fetch GET 200 https://registry.npmjs.org/binary-extensions 394ms (cache miss)
140 silly placeDep node_modules/nodemon picomatch@2.3.1 OK for: anymatch@3.1.3 want: ^2.0.4
141 silly placeDep node_modules/nodemon fill-range@7.1.1 OK for: braces@3.0.3 want: ^7.1.1
142 silly fetch manifest to-regex-range@^5.0.1
143 http fetch GET 200 https://registry.npmjs.org/to-regex-range 110ms (cache miss)
144 silly placeDep node_modules/nodemon ms@2.1.3 OK for: debug@4.4.0 want: ^2.1.3
145 silly placeDep node_modules/nodemon to-regex-range@5.0.1 OK for: fill-range@7.1.1 want: ^5.0.1
146 silly fetch manifest is-number@^7.0.0
147 http fetch GET 200 https://registry.npmjs.org/is-number 240ms (cache miss)
148 silly placeDep node_modules/nodemon binary-extensions@2.3.0 OK for: is-binary-path@2.1.0 want: ^2.0.0
149 silly placeDep node_modules/nodemon is-extglob@2.1.1 OK for: is-glob@4.0.3 want: ^2.1.1
150 silly placeDep node_modules/nodemon brace-expansion@1.1.11 OK for: minimatch@3.1.2 want: ^1.1.7
151 silly fetch manifest balanced-match@^1.0.0
152 silly fetch manifest concat-map@0.0.1
153 http fetch GET 200 https://registry.npmjs.org/balanced-match 239ms (cache miss)
154 http fetch GET 200 https://registry.npmjs.org/concat-map 239ms (cache miss)
155 silly placeDep node_modules/nodemon balanced-match@1.0.2 OK for: brace-expansion@1.1.11 want: ^1.0.0
156 silly placeDep node_modules/nodemon concat-map@0.0.1 OK for: brace-expansion@1.1.11 want: 0.0.1
157 silly placeDep node_modules/nodemon has-flag@3.0.0 OK for: supports-color@5.5.0 want: ^3.0.0
158 silly placeDep node_modules/nodemon is-number@7.0.0 OK for: to-regex-range@5.0.1 want: ^7.0.0
159 silly placeDep node_modules/ts-node @jridgewell/trace-mapping@0.3.9 OK for: @cspotcode/source-map-support@0.8.1 want: 0.3.9
160 silly fetch manifest @jridgewell/resolve-uri@^3.0.3
161 silly fetch manifest @jridgewell/sourcemap-codec@^1.4.10
162 http fetch GET 200 https://registry.npmjs.org/@jridgewell%2fresolve-uri 169ms (cache miss)
163 http fetch GET 200 https://registry.npmjs.org/@jridgewell%2fsourcemap-codec 172ms (cache miss)
164 silly placeDep node_modules/ts-node @jridgewell/resolve-uri@3.1.2 OK for: @jridgewell/trace-mapping@0.3.9 want: ^3.0.3
165 silly placeDep node_modules/ts-node @jridgewell/sourcemap-codec@1.5.0 OK for: @jridgewell/trace-mapping@0.3.9 want: ^1.4.10
166 silly placeDep node_modules/ts-node undici-types@6.20.0 OK for: @types/node@22.13.10 want: ~6.20.0
167 silly reify mark retired [
167 silly reify   'C:\\Users\\MOON\\AppData\\Roaming\\npm\\node_modules\\nodemon',
167 silly reify   'C:\\Users\\MOON\\AppData\\Roaming\\npm\\nodemon',
167 silly reify   'C:\\Users\\MOON\\AppData\\Roaming\\npm\\nodemon.cmd',
167 silly reify   'C:\\Users\\MOON\\AppData\\Roaming\\npm\\nodemon.ps1'
167 silly reify ]
168 silly reify mark retired [
168 silly reify   'C:\\Users\\MOON\\AppData\\Roaming\\npm\\node_modules\\typescript',
168 silly reify   'C:\\Users\\MOON\\AppData\\Roaming\\npm\\tsc',
168 silly reify   'C:\\Users\\MOON\\AppData\\Roaming\\npm\\tsc.cmd',
168 silly reify   'C:\\Users\\MOON\\AppData\\Roaming\\npm\\tsc.ps1',
168 silly reify   'C:\\Users\\MOON\\AppData\\Roaming\\npm\\tsserver',
168 silly reify   'C:\\Users\\MOON\\AppData\\Roaming\\npm\\tsserver.cmd',
168 silly reify   'C:\\Users\\MOON\\AppData\\Roaming\\npm\\tsserver.ps1'
168 silly reify ]
169 silly reify moves {
169 silly reify   'C:\\Users\\MOON\\AppData\\Roaming\\npm\\node_modules\\nodemon': 'C:\\Users\\MOON\\AppData\\Roaming\\npm\\node_modules\\.nodemon-kAN6vUFv',
169 silly reify   'C:\\Users\\MOON\\AppData\\Roaming\\npm\\nodemon': 'C:\\Users\\MOON\\AppData\\Roaming\\npm\\.nodemon-USbQjdvX',
169 silly reify   'C:\\Users\\MOON\\AppData\\Roaming\\npm\\nodemon.cmd': 'C:\\Users\\MOON\\AppData\\Roaming\\npm\\.nodemon.cmd-14uxJ8Va',
169 silly reify   'C:\\Users\\MOON\\AppData\\Roaming\\npm\\nodemon.ps1': 'C:\\Users\\MOON\\AppData\\Roaming\\npm\\.nodemon.ps1-Ha6Cmnhm',
169 silly reify   'C:\\Users\\MOON\\AppData\\Roaming\\npm\\node_modules\\typescript': 'C:\\Users\\MOON\\AppData\\Roaming\\npm\\node_modules\\.typescript-cnMr7M9f',
169 silly reify   'C:\\Users\\MOON\\AppData\\Roaming\\npm\\tsc': 'C:\\Users\\MOON\\AppData\\Roaming\\npm\\.tsc-kFpXVQRe',
169 silly reify   'C:\\Users\\MOON\\AppData\\Roaming\\npm\\tsc.cmd': 'C:\\Users\\MOON\\AppData\\Roaming\\npm\\.tsc.cmd-g37XCJmA',
169 silly reify   'C:\\Users\\MOON\\AppData\\Roaming\\npm\\tsc.ps1': 'C:\\Users\\MOON\\AppData\\Roaming\\npm\\.tsc.ps1-JWFcUMew',
169 silly reify   'C:\\Users\\MOON\\AppData\\Roaming\\npm\\tsserver': 'C:\\Users\\MOON\\AppData\\Roaming\\npm\\.tsserver-ZAe4AvdK',
169 silly reify   'C:\\Users\\MOON\\AppData\\Roaming\\npm\\tsserver.cmd': 'C:\\Users\\MOON\\AppData\\Roaming\\npm\\.tsserver.cmd-Z4KRA9wS',
169 silly reify   'C:\\Users\\MOON\\AppData\\Roaming\\npm\\tsserver.ps1': 'C:\\Users\\MOON\\AppData\\Roaming\\npm\\.tsserver.ps1-sB6aKdqJ'
169 silly reify }
170 verbose reify failed optional dependency C:\Users\MOON\AppData\Roaming\npm\node_modules\nodemon\node_modules\fsevents
171 silly reify mark deleted [
171 silly reify   'C:\\Users\\MOON\\AppData\\Roaming\\npm\\node_modules\\nodemon\\node_modules\\fsevents'
171 silly reify ]
172 silly tarball no local data for typescript@https://registry.npmjs.org/typescript/-/typescript-5.8.2.tgz. Extracting by manifest.
173 silly tarball no local data for ts-node@https://registry.npmjs.org/ts-node/-/ts-node-10.9.2.tgz. Extracting by manifest.
174 silly tarball no local data for nodemon@https://registry.npmjs.org/nodemon/-/nodemon-3.1.9.tgz. Extracting by manifest.
175 silly tarball no local data for undici-types@https://registry.npmjs.org/undici-types/-/undici-types-6.20.0.tgz. Extracting by manifest.
176 silly tarball no local data for @jridgewell/sourcemap-codec@https://registry.npmjs.org/@jridgewell/sourcemap-codec/-/sourcemap-codec-1.5.0.tgz. Extracting by manifest.
177 silly tarball no local data for @jridgewell/resolve-uri@https://registry.npmjs.org/@jridgewell/resolve-uri/-/resolve-uri-3.1.2.tgz. Extracting by manifest.
178 silly tarball no local data for @jridgewell/trace-mapping@https://registry.npmjs.org/@jridgewell/trace-mapping/-/trace-mapping-0.3.9.tgz. Extracting by manifest.
179 silly tarball no local data for yn@https://registry.npmjs.org/yn/-/yn-3.1.1.tgz. Extracting by manifest.
180 silly tarball no local data for make-error@https://registry.npmjs.org/make-error/-/make-error-1.3.6.tgz. Extracting by manifest.
181 silly tarball no local data for v8-compile-cache-lib@https://registry.npmjs.org/v8-compile-cache-lib/-/v8-compile-cache-lib-3.0.1.tgz. Extracting by manifest.
182 silly tarball no local data for diff@https://registry.npmjs.org/diff/-/diff-4.0.2.tgz. Extracting by manifest.
183 silly tarball no local data for create-require@https://registry.npmjs.org/create-require/-/create-require-1.1.1.tgz. Extracting by manifest.
184 silly tarball no local data for arg@https://registry.npmjs.org/arg/-/arg-4.1.3.tgz. Extracting by manifest.
185 silly tarball no local data for acorn-walk@https://registry.npmjs.org/acorn-walk/-/acorn-walk-8.3.4.tgz. Extracting by manifest.
186 silly tarball no local data for acorn@https://registry.npmjs.org/acorn/-/acorn-8.14.1.tgz. Extracting by manifest.
187 silly tarball no local data for @types/node@https://registry.npmjs.org/@types/node/-/node-22.13.10.tgz. Extracting by manifest.
188 silly tarball no local data for @tsconfig/node16@https://registry.npmjs.org/@tsconfig/node16/-/node16-1.0.4.tgz. Extracting by manifest.
189 silly tarball no local data for @tsconfig/node14@https://registry.npmjs.org/@tsconfig/node14/-/node14-1.0.3.tgz. Extracting by manifest.
190 silly tarball no local data for @tsconfig/node10@https://registry.npmjs.org/@tsconfig/node10/-/node10-1.0.11.tgz. Extracting by manifest.
191 silly tarball no local data for @tsconfig/node12@https://registry.npmjs.org/@tsconfig/node12/-/node12-1.0.11.tgz. Extracting by manifest.
192 silly tarball no local data for @cspotcode/source-map-support@https://registry.npmjs.org/@cspotcode/source-map-support/-/source-map-support-0.8.1.tgz. Extracting by manifest.
193 silly tarball no local data for touch@https://registry.npmjs.org/touch/-/touch-3.1.1.tgz. Extracting by manifest.
194 silly tarball no local data for undefsafe@https://registry.npmjs.org/undefsafe/-/undefsafe-2.0.5.tgz. Extracting by manifest.
195 silly tarball no local data for to-regex-range@https://registry.npmjs.org/to-regex-range/-/to-regex-range-5.0.1.tgz. Extracting by manifest.
196 silly tarball no local data for simple-update-notifier@https://registry.npmjs.org/simple-update-notifier/-/simple-update-notifier-2.0.0.tgz. Extracting by manifest.
197 silly tarball no local data for supports-color@https://registry.npmjs.org/supports-color/-/supports-color-5.5.0.tgz. Extracting by manifest.
198 silly tarball no local data for semver@https://registry.npmjs.org/semver/-/semver-7.7.1.tgz. Extracting by manifest.
199 silly tarball no local data for pstree.remy@https://registry.npmjs.org/pstree.remy/-/pstree.remy-1.1.8.tgz. Extracting by manifest.
200 silly tarball no local data for readdirp@https://registry.npmjs.org/readdirp/-/readdirp-3.6.0.tgz. Extracting by manifest.
201 silly tarball no local data for normalize-path@https://registry.npmjs.org/normalize-path/-/normalize-path-3.0.0.tgz. Extracting by manifest.
202 silly tarball no local data for ms@https://registry.npmjs.org/ms/-/ms-2.1.3.tgz. Extracting by manifest.
203 silly tarball no local data for picomatch@https://registry.npmjs.org/picomatch/-/picomatch-2.3.1.tgz. Extracting by manifest.
204 silly tarball no local data for minimatch@https://registry.npmjs.org/minimatch/-/minimatch-3.1.2.tgz. Extracting by manifest.
205 silly tarball no local data for is-number@https://registry.npmjs.org/is-number/-/is-number-7.0.0.tgz. Extracting by manifest.
206 silly tarball no local data for is-glob@https://registry.npmjs.org/is-glob/-/is-glob-4.0.3.tgz. Extracting by manifest.
207 silly tarball no local data for is-extglob@https://registry.npmjs.org/is-extglob/-/is-extglob-2.1.1.tgz. Extracting by manifest.
208 silly tarball no local data for ignore-by-default@https://registry.npmjs.org/ignore-by-default/-/ignore-by-default-1.0.1.tgz. Extracting by manifest.
209 silly tarball no local data for is-binary-path@https://registry.npmjs.org/is-binary-path/-/is-binary-path-2.1.0.tgz. Extracting by manifest.
210 silly tarball no local data for glob-parent@https://registry.npmjs.org/glob-parent/-/glob-parent-5.1.2.tgz. Extracting by manifest.
211 silly tarball no local data for fill-range@https://registry.npmjs.org/fill-range/-/fill-range-7.1.1.tgz. Extracting by manifest.
212 silly tarball no local data for debug@https://registry.npmjs.org/debug/-/debug-4.4.0.tgz. Extracting by manifest.
213 silly tarball no local data for concat-map@https://registry.npmjs.org/concat-map/-/concat-map-0.0.1.tgz. Extracting by manifest.
214 silly tarball no local data for braces@https://registry.npmjs.org/braces/-/braces-3.0.3.tgz. Extracting by manifest.
215 silly tarball no local data for chokidar@https://registry.npmjs.org/chokidar/-/chokidar-3.6.0.tgz. Extracting by manifest.
216 silly tarball no local data for binary-extensions@https://registry.npmjs.org/binary-extensions/-/binary-extensions-2.3.0.tgz. Extracting by manifest.
217 silly tarball no local data for brace-expansion@https://registry.npmjs.org/brace-expansion/-/brace-expansion-1.1.11.tgz. Extracting by manifest.
218 silly tarball no local data for balanced-match@https://registry.npmjs.org/balanced-match/-/balanced-match-1.0.2.tgz. Extracting by manifest.
219 silly tarball no local data for anymatch@https://registry.npmjs.org/anymatch/-/anymatch-3.1.3.tgz. Extracting by manifest.
220 silly tarball no local data for has-flag@https://registry.npmjs.org/has-flag/-/has-flag-3.0.0.tgz. Extracting by manifest.
221 http fetch GET 200 https://registry.npmjs.org/nodemon/-/nodemon-3.1.9.tgz 3160ms (cache miss)
222 http fetch GET 200 https://registry.npmjs.org/@jridgewell/resolve-uri/-/resolve-uri-3.1.2.tgz 3253ms (cache miss)
223 http fetch GET 200 https://registry.npmjs.org/@jridgewell/sourcemap-codec/-/sourcemap-codec-1.5.0.tgz 3332ms (cache miss)
224 http fetch GET 200 https://registry.npmjs.org/@jridgewell/trace-mapping/-/trace-mapping-0.3.9.tgz 3327ms (cache miss)
225 http fetch GET 200 https://registry.npmjs.org/undici-types/-/undici-types-6.20.0.tgz 3392ms (cache miss)
226 http fetch GET 200 https://registry.npmjs.org/ts-node/-/ts-node-10.9.2.tgz 4188ms (cache miss)
227 http fetch GET 200 https://registry.npmjs.org/@tsconfig/node14/-/node14-1.0.3.tgz 6025ms (cache miss)
228 http fetch GET 200 https://registry.npmjs.org/@tsconfig/node16/-/node16-1.0.4.tgz 6028ms (cache miss)
229 http fetch GET 200 https://registry.npmjs.org/@tsconfig/node10/-/node10-1.0.11.tgz 6097ms (cache miss)
230 http fetch GET 200 https://registry.npmjs.org/@tsconfig/node12/-/node12-1.0.11.tgz 6101ms (cache miss)
231 http fetch GET 200 https://registry.npmjs.org/@types/node/-/node-22.13.10.tgz 6419ms (cache miss)
232 http fetch GET 200 https://registry.npmjs.org/typescript/-/typescript-5.8.2.tgz 6957ms (cache miss)
233 http fetch GET 200 https://registry.npmjs.org/@cspotcode/source-map-support/-/source-map-support-0.8.1.tgz 7261ms (cache miss)
234 http fetch GET 200 https://registry.npmjs.org/touch/-/touch-3.1.1.tgz 9325ms (cache miss)
235 http fetch GET 200 https://registry.npmjs.org/undefsafe/-/undefsafe-2.0.5.tgz 9324ms (cache miss)
236 http fetch GET 200 https://registry.npmjs.org/to-regex-range/-/to-regex-range-5.0.1.tgz 9337ms (cache miss)
237 http fetch GET 200 https://registry.npmjs.org/simple-update-notifier/-/simple-update-notifier-2.0.0.tgz 9399ms (cache miss)
238 http fetch GET 200 https://registry.npmjs.org/supports-color/-/supports-color-5.5.0.tgz 9745ms (cache miss)
239 http fetch GET 200 https://registry.npmjs.org/semver/-/semver-7.7.1.tgz 10281ms (cache miss)
240 http fetch GET 200 https://registry.npmjs.org/pstree.remy/-/pstree.remy-1.1.8.tgz 10582ms (cache miss)
241 http fetch GET 200 https://registry.npmjs.org/readdirp/-/readdirp-3.6.0.tgz 10600ms (cache miss)
242 http fetch GET 200 https://registry.npmjs.org/ms/-/ms-2.1.3.tgz 10610ms (cache miss)
243 http fetch GET 200 https://registry.npmjs.org/normalize-path/-/normalize-path-3.0.0.tgz 10625ms (cache miss)
244 http fetch GET 200 https://registry.npmjs.org/minimatch/-/minimatch-3.1.2.tgz 10626ms (cache miss)
245 http fetch GET 200 https://registry.npmjs.org/picomatch/-/picomatch-2.3.1.tgz 10643ms (cache miss)
246 http fetch GET 200 https://registry.npmjs.org/is-number/-/is-number-7.0.0.tgz 10725ms (cache miss)
247 http fetch GET 200 https://registry.npmjs.org/is-glob/-/is-glob-4.0.3.tgz 10845ms (cache miss)
248 http fetch GET 200 https://registry.npmjs.org/ignore-by-default/-/ignore-by-default-1.0.1.tgz 10844ms (cache miss)
249 http fetch GET 200 https://registry.npmjs.org/is-extglob/-/is-extglob-2.1.1.tgz 10848ms (cache miss)
250 http fetch GET 200 https://registry.npmjs.org/yn/-/yn-3.1.1.tgz 11127ms (cache miss)
251 http fetch GET 200 https://registry.npmjs.org/create-require/-/create-require-1.1.1.tgz 11135ms (cache miss)
252 http fetch GET 200 https://registry.npmjs.org/make-error/-/make-error-1.3.6.tgz 11149ms (cache miss)
253 http fetch GET 200 https://registry.npmjs.org/debug/-/debug-4.4.0.tgz 11165ms (cache miss)
254 http fetch GET 200 https://registry.npmjs.org/is-binary-path/-/is-binary-path-2.1.0.tgz 11251ms (cache miss)
255 http fetch GET 200 https://registry.npmjs.org/fill-range/-/fill-range-7.1.1.tgz 11252ms (cache miss)
256 http fetch GET 200 https://registry.npmjs.org/braces/-/braces-3.0.3.tgz 11248ms (cache miss)
257 http fetch GET 200 https://registry.npmjs.org/glob-parent/-/glob-parent-5.1.2.tgz 11261ms (cache miss)
258 http fetch GET 200 https://registry.npmjs.org/binary-extensions/-/binary-extensions-2.3.0.tgz 11280ms (cache miss)
259 http fetch GET 200 https://registry.npmjs.org/balanced-match/-/balanced-match-1.0.2.tgz 11314ms (cache miss)
260 http fetch GET 200 https://registry.npmjs.org/brace-expansion/-/brace-expansion-1.1.11.tgz 11315ms (cache miss)
261 http fetch GET 200 https://registry.npmjs.org/concat-map/-/concat-map-0.0.1.tgz 11410ms (cache miss)
262 http fetch GET 200 https://registry.npmjs.org/acorn-walk/-/acorn-walk-8.3.4.tgz 11465ms (cache miss)
263 http fetch GET 200 https://registry.npmjs.org/v8-compile-cache-lib/-/v8-compile-cache-lib-3.0.1.tgz 11473ms (cache miss)
264 http fetch GET 200 https://registry.npmjs.org/arg/-/arg-4.1.3.tgz 11475ms (cache miss)
265 http fetch GET 200 https://registry.npmjs.org/chokidar/-/chokidar-3.6.0.tgz 11458ms (cache miss)
266 http fetch GET 200 https://registry.npmjs.org/diff/-/diff-4.0.2.tgz 11734ms (cache miss)
267 http fetch GET 200 https://registry.npmjs.org/anymatch/-/anymatch-3.1.3.tgz 12946ms (cache miss)
268 http fetch GET 200 https://registry.npmjs.org/has-flag/-/has-flag-3.0.0.tgz 12947ms (cache miss)
269 http fetch GET 200 https://registry.npmjs.org/acorn/-/acorn-8.14.1.tgz 13137ms (cache miss)
270 silly ADD node_modules/ts-node
271 silly ADD node_modules/ts-node/node_modules/undici-types
272 silly ADD node_modules/ts-node/node_modules/@jridgewell/sourcemap-codec
273 silly ADD node_modules/ts-node/node_modules/@jridgewell/resolve-uri
274 silly ADD node_modules/ts-node/node_modules/@jridgewell/trace-mapping
275 silly ADD node_modules/ts-node/node_modules/yn
276 silly ADD node_modules/ts-node/node_modules/v8-compile-cache-lib
277 silly ADD node_modules/ts-node/node_modules/make-error
278 silly ADD node_modules/ts-node/node_modules/diff
279 silly ADD node_modules/ts-node/node_modules/create-require
280 silly ADD node_modules/ts-node/node_modules/arg
281 silly ADD node_modules/ts-node/node_modules/acorn-walk
282 silly ADD node_modules/ts-node/node_modules/acorn
283 silly ADD node_modules/ts-node/node_modules/@types/node
284 silly ADD node_modules/ts-node/node_modules/@tsconfig/node16
285 silly ADD node_modules/ts-node/node_modules/@tsconfig/node14
286 silly ADD node_modules/ts-node/node_modules/@tsconfig/node12
287 silly ADD node_modules/ts-node/node_modules/@tsconfig/node10
288 silly ADD node_modules/ts-node/node_modules/@cspotcode/source-map-support
289 silly CHANGE node_modules/typescript
290 silly CHANGE node_modules/nodemon
291 silly ADD
292 silly CHANGE node_modules/nodemon/node_modules/touch
293 silly CHANGE node_modules/nodemon/node_modules/undefsafe
294 silly CHANGE node_modules/nodemon/node_modules/to-regex-range
295 silly CHANGE node_modules/nodemon/node_modules/simple-update-notifier
296 silly CHANGE node_modules/nodemon/node_modules/supports-color
297 silly CHANGE node_modules/nodemon/node_modules/semver
298 silly CHANGE node_modules/nodemon/node_modules/pstree.remy
299 silly CHANGE node_modules/nodemon/node_modules/readdirp
300 silly CHANGE node_modules/nodemon/node_modules/normalize-path
301 silly CHANGE node_modules/nodemon/node_modules/picomatch
302 silly CHANGE node_modules/nodemon/node_modules/ms
303 silly CHANGE node_modules/nodemon/node_modules/minimatch
304 silly CHANGE node_modules/nodemon/node_modules/is-number
305 silly CHANGE node_modules/nodemon/node_modules/is-glob
306 silly CHANGE node_modules/nodemon/node_modules/ignore-by-default
307 silly CHANGE node_modules/nodemon/node_modules/is-extglob
308 silly CHANGE node_modules/nodemon/node_modules/is-binary-path
309 silly CHANGE node_modules/nodemon/node_modules/has-flag
310 silly CHANGE node_modules/nodemon/node_modules/glob-parent
311 silly CHANGE node_modules/nodemon/node_modules/fill-range
312 silly CHANGE node_modules/nodemon/node_modules/debug
313 silly CHANGE node_modules/nodemon/node_modules/chokidar
314 silly CHANGE node_modules/nodemon/node_modules/concat-map
315 silly CHANGE node_modules/nodemon/node_modules/braces
316 silly CHANGE node_modules/nodemon/node_modules/brace-expansion
317 silly CHANGE node_modules/nodemon/node_modules/binary-extensions
318 silly CHANGE node_modules/nodemon/node_modules/balanced-match
319 silly CHANGE node_modules/nodemon/node_modules/anymatch
320 verbose exit 0
321 info ok
